<html>
<head>
<title>TestNG:  Angel Test</title>
<link href="../testng.css" rel="stylesheet" type="text/css" />
<link href="../my-testng.css" rel="stylesheet" type="text/css" />

<style type="text/css">
.log { display: none;} 
.stack-trace { display: none;} 
</style>
<script type="text/javascript">
<!--
function flip(e) {
  current = e.style.display;
  if (current == 'block') {
    e.style.display = 'none';
    return 0;
  }
  else {
    e.style.display = 'block';
    return 1;
  }
}

function toggleBox(szDivId, elem, msg1, msg2)
{
  var res = -1;  if (document.getElementById) {
    res = flip(document.getElementById(szDivId));
  }
  else if (document.all) {
    // this is the way old msie versions work
    res = flip(document.all[szDivId]);
  }
  if(elem) {
    if(res == 0) elem.innerHTML = msg1; else elem.innerHTML = msg2;
  }

}

function toggleAllBoxes() {
  if (document.getElementsByTagName) {
    d = document.getElementsByTagName('div');
    for (i = 0; i < d.length; i++) {
      if (d[i].className == 'log') {
        flip(d[i]);
      }
    }
  }
}

// -->
</script>

</head>
<body>
<h2 align='center'>Angel Test</h2><table border='1' align="center">
<tr>
<td>Tests passed/Failed/Skipped:</td><td>35/4/0</td>
</tr><tr>
<td>Started on:</td><td>Wed Mar 30 11:15:41 IST 2016</td>
</tr>
<tr><td>Total time:</td><td>11377 seconds (11377730 ms)</td>
</tr><tr>
<td>Included groups:</td><td></td>
</tr><tr>
<td>Excluded groups:</td><td></td>
</tr>
</table><p/>
<small><i>(Hover the method name to see the test class name)</i></small><p/>
<table width='100%' border='1' class='invocation-failed'>
<tr><td colspan='4' align='center'><b>FAILED CONFIGURATIONS</b></td></tr>
<tr><td><b>Test method</b></td>
<td width="30%"><b>Exception</b></td>
<td width="10%"><b>Time (seconds)</b></td>
<td><b>Instance</b></td>
</tr>
<tr>
<td title='jenTest.FasciaSubProducts.CloseBrowser()'><b>CloseBrowser</b><br>Test class: jenTest.FasciaSubProducts</td>
<td><div><pre>org.openqa.selenium.UnhandledAlertException: Unexpected modal dialog (text: A script on this page may be busy, or it may have stopped responding. You can stop the script now, open the script in the debugger, or let the script continue.

Script: https://apis.google.com/_/scs/…yPD9vgXUad1dQ/cb=gapi.loaded_0:16): A script on this page may be busy, or it may have stopped responding. You can stop the script now, open the script in the debugger, or let the script continue.

Script: https://apis.google.com/_/scs/…yPD9vgXUad1dQ/cb=gapi.loaded_0:16
Build info: version: &apos;2.48.2&apos;, revision: &apos;41bccdd&apos;, time: &apos;2015-10-09 19:55:52&apos;
System info: host: &apos;sakthivel-PC&apos;, ip: &apos;172.16.11.74&apos;, os.name: &apos;Windows 7&apos;, os.arch: &apos;amd64&apos;, os.version: &apos;6.1&apos;, java.version: &apos;1.8.0_65&apos;
Driver info: org.openqa.selenium.firefox.FirefoxDriver
Capabilities [{applicationCacheEnabled=true, rotatable=false, handlesAlerts=true, databaseEnabled=true, version=45.0, platform=WINDOWS, nativeEvents=false, acceptSslCerts=true, webStorageEnabled=true, locationContextEnabled=true, browserName=firefox, takesScreenshot=true, javascriptEnabled=true, cssSelectorsEnabled=true}]
Session ID: 0535866a-513e-4ded-978b-9334ba270a04
	at org.openqa.selenium.remote.ErrorHandler.createThrowable(ErrorHandler.java:206)
	at org.openqa.selenium.remote.ErrorHandler.createUnhandledAlertException(ErrorHandler.java:187)
	at org.openqa.selenium.remote.ErrorHandler.throwIfResponseFailed(ErrorHandler.java:154)
	at org.openqa.selenium.remote.RemoteWebDriver.execute(RemoteWebDriver.java:647)
	at org.openqa.selenium.remote.RemoteWebDriver.execute(RemoteWebDriver.java:670)
	at org.openqa.selenium.remote.RemoteWebDriver.close(RemoteWebDriver.java:511)
	at jenTest.FasciaSubProducts.CloseBrowser(FasciaSubProducts.java:764)
... Removed 25 stack frames</pre></div><a href='#' onClick='toggleBox("stack-trace321041730", this, "Click to show all stack frames", "Click to hide stack frames")'>Click to show all stack frames</a>
<div class='stack-trace' id='stack-trace321041730'><pre>org.openqa.selenium.UnhandledAlertException: Unexpected modal dialog (text: A script on this page may be busy, or it may have stopped responding. You can stop the script now, open the script in the debugger, or let the script continue.

Script: https://apis.google.com/_/scs/…yPD9vgXUad1dQ/cb=gapi.loaded_0:16): A script on this page may be busy, or it may have stopped responding. You can stop the script now, open the script in the debugger, or let the script continue.

Script: https://apis.google.com/_/scs/…yPD9vgXUad1dQ/cb=gapi.loaded_0:16
Build info: version: &apos;2.48.2&apos;, revision: &apos;41bccdd&apos;, time: &apos;2015-10-09 19:55:52&apos;
System info: host: &apos;sakthivel-PC&apos;, ip: &apos;172.16.11.74&apos;, os.name: &apos;Windows 7&apos;, os.arch: &apos;amd64&apos;, os.version: &apos;6.1&apos;, java.version: &apos;1.8.0_65&apos;
Driver info: org.openqa.selenium.firefox.FirefoxDriver
Capabilities [{applicationCacheEnabled=true, rotatable=false, handlesAlerts=true, databaseEnabled=true, version=45.0, platform=WINDOWS, nativeEvents=false, acceptSslCerts=true, webStorageEnabled=true, locationContextEnabled=true, browserName=firefox, takesScreenshot=true, javascriptEnabled=true, cssSelectorsEnabled=true}]
Session ID: 0535866a-513e-4ded-978b-9334ba270a04
	at sun.reflect.NativeConstructorAccessorImpl.newInstance0(Native Method)
	at sun.reflect.NativeConstructorAccessorImpl.newInstance(NativeConstructorAccessorImpl.java:62)
	at sun.reflect.DelegatingConstructorAccessorImpl.newInstance(DelegatingConstructorAccessorImpl.java:45)
	at java.lang.reflect.Constructor.newInstance(Constructor.java:422)
	at org.openqa.selenium.remote.ErrorHandler.createThrowable(ErrorHandler.java:206)
	at org.openqa.selenium.remote.ErrorHandler.createUnhandledAlertException(ErrorHandler.java:187)
	at org.openqa.selenium.remote.ErrorHandler.throwIfResponseFailed(ErrorHandler.java:154)
	at org.openqa.selenium.remote.RemoteWebDriver.execute(RemoteWebDriver.java:647)
	at org.openqa.selenium.remote.RemoteWebDriver.execute(RemoteWebDriver.java:670)
	at org.openqa.selenium.remote.RemoteWebDriver.close(RemoteWebDriver.java:511)
	at jenTest.FasciaSubProducts.CloseBrowser(FasciaSubProducts.java:764)
	at sun.reflect.NativeMethodAccessorImpl.invoke0(Native Method)
	at sun.reflect.NativeMethodAccessorImpl.invoke(NativeMethodAccessorImpl.java:62)
	at sun.reflect.DelegatingMethodAccessorImpl.invoke(DelegatingMethodAccessorImpl.java:43)
	at java.lang.reflect.Method.invoke(Method.java:497)
	at org.testng.internal.MethodInvocationHelper.invokeMethod(MethodInvocationHelper.java:85)
	at org.testng.internal.Invoker.invokeConfigurationMethod(Invoker.java:510)
	at org.testng.internal.Invoker.invokeConfigurations(Invoker.java:211)
	at org.testng.internal.Invoker.invokeConfigurations(Invoker.java:138)
	at org.testng.TestRunner.afterRun(TestRunner.java:1027)
	at org.testng.TestRunner.run(TestRunner.java:627)
	at org.testng.SuiteRunner.runTest(SuiteRunner.java:357)
	at org.testng.SuiteRunner.runSequentially(SuiteRunner.java:352)
	at org.testng.SuiteRunner.privateRun(SuiteRunner.java:310)
	at org.testng.SuiteRunner.run(SuiteRunner.java:259)
	at org.testng.SuiteRunnerWorker.runSuite(SuiteRunnerWorker.java:52)
	at org.testng.SuiteRunnerWorker.run(SuiteRunnerWorker.java:86)
	at org.testng.TestNG.runSuitesSequentially(TestNG.java:1185)
	at org.testng.TestNG.runSuitesLocally(TestNG.java:1110)
	at org.testng.TestNG.run(TestNG.java:1018)
	at org.testng.TestNG.privateMain(TestNG.java:1325)
	at org.testng.TestNG.main(TestNG.java:1294)
</pre></div></td>
<td>0</td>
<td>null</td></tr>
</table><p>
<table width='100%' border='1' class='invocation-skipped'>
<tr><td colspan='4' align='center'><b>SKIPPED CONFIGURATIONS</b></td></tr>
<tr><td><b>Test method</b></td>
<td width="30%"><b>Exception</b></td>
<td width="10%"><b>Time (seconds)</b></td>
<td><b>Instance</b></td>
</tr>
<tr>
<td title='jenTest.FasciaSubProducts.CloseBrowser()'><b>CloseBrowser</b><br>Test class: jenTest.FasciaSubProducts</td>
<td></td>
<td>0</td>
<td>null</td></tr>
<tr>
<td title='jenTest.FasciaSubProducts.CloseBrowser()'><b>CloseBrowser</b><br>Test class: jenTest.FasciaSubProducts</td>
<td></td>
<td>0</td>
<td>null</td></tr>
<tr>
<td title='jenTest.FasciaSubProducts.CloseBrowser()'><b>CloseBrowser</b><br>Test class: jenTest.FasciaSubProducts</td>
<td></td>
<td>0</td>
<td>null</td></tr>
<tr>
<td title='jenTest.FasciaSubProducts.CloseBrowser()'><b>CloseBrowser</b><br>Test class: jenTest.FasciaSubProducts</td>
<td></td>
<td>0</td>
<td>null</td></tr>
</table><p>
<table width='100%' border='1' class='invocation-failed'>
<tr><td colspan='4' align='center'><b>FAILED TESTS</b></td></tr>
<tr><td><b>Test method</b></td>
<td width="30%"><b>Exception</b></td>
<td width="10%"><b>Time (seconds)</b></td>
<td><b>Instance</b></td>
</tr>
<tr>
<td title='jenTest.FasciaSubProducts.GreyFasciaProducts()'><b>GreyFasciaProducts</b><br>Test class: jenTest.FasciaSubProducts</td>
<td><div><pre>org.openqa.selenium.NoSuchElementException: Unable to locate element: {&quot;method&quot;:&quot;xpath&quot;,&quot;selector&quot;:&quot;html/body/div[1]/div[2]/div/div/section/section[1]/div[3]/figure/form/a/span&quot;}
Command duration or timeout: 60.04 seconds
For documentation on this error, please visit: http://seleniumhq.org/exceptions/no_such_element.html
Build info: version: &apos;2.48.2&apos;, revision: &apos;41bccdd&apos;, time: &apos;2015-10-09 19:55:52&apos;
System info: host: &apos;sakthivel-PC&apos;, ip: &apos;172.16.11.74&apos;, os.name: &apos;Windows 7&apos;, os.arch: &apos;amd64&apos;, os.version: &apos;6.1&apos;, java.version: &apos;1.8.0_65&apos;
Driver info: org.openqa.selenium.firefox.FirefoxDriver
Capabilities [{applicationCacheEnabled=true, rotatable=false, handlesAlerts=true, databaseEnabled=true, version=45.0, platform=WINDOWS, nativeEvents=false, acceptSslCerts=true, webStorageEnabled=true, locationContextEnabled=true, browserName=firefox, takesScreenshot=true, javascriptEnabled=true, cssSelectorsEnabled=true}]
Session ID: 0535866a-513e-4ded-978b-9334ba270a04
*** Element info: {Using=xpath, value=html/body/div[1]/div[2]/div/div/section/section[1]/div[3]/figure/form/a/span}
	at org.openqa.selenium.remote.ErrorHandler.createThrowable(ErrorHandler.java:206)
	at org.openqa.selenium.remote.ErrorHandler.throwIfResponseFailed(ErrorHandler.java:158)
	at org.openqa.selenium.remote.RemoteWebDriver.execute(RemoteWebDriver.java:647)
	at org.openqa.selenium.remote.RemoteWebDriver.findElement(RemoteWebDriver.java:353)
	at org.openqa.selenium.remote.RemoteWebDriver.findElementByXPath(RemoteWebDriver.java:490)
	at org.openqa.selenium.By$ByXPath.findElement(By.java:361)
	at org.openqa.selenium.remote.RemoteWebDriver.findElement(RemoteWebDriver.java:345)
	at jenTest.FasciaSubProducts.GreyFasciaProducts(FasciaSubProducts.java:241)
Caused by: org.openqa.selenium.NoSuchElementException: Unable to locate element: {&quot;method&quot;:&quot;xpath&quot;,&quot;selector&quot;:&quot;html/body/div[1]/div[2]/div/div/section/section[1]/div[3]/figure/form/a/span&quot;}
For documentation on this error, please visit: http://seleniumhq.org/exceptions/no_such_element.html
Build info: version: &apos;2.48.2&apos;, revision: &apos;41bccdd&apos;, time: &apos;2015-10-09 19:55:52&apos;
System info: host: &apos;sakthivel-PC&apos;, ip: &apos;172.16.11.74&apos;, os.name: &apos;Windows 7&apos;, os.arch: &apos;amd64&apos;, os.version: &apos;6.1&apos;, java.version: &apos;1.8.0_65&apos;
Driver info: driver.version: unknown
	at &lt;anonymous class&gt;.FirefoxDriver.prototype.findElementInternal_(file:///C:/Windows/TEMP/anonymous1503213450374711720webdriver-profile/extensions/fxdriver@googlecode.com/components/driver-component.js:10659)
	at &lt;anonymous class&gt;.fxdriver.Timer.prototype.setTimeout/&lt;.notify(file:///C:/Windows/TEMP/anonymous1503213450374711720webdriver-profile/extensions/fxdriver@googlecode.com/components/driver-component.js:621)
... Removed 27 stack frames</pre></div><a href='#' onClick='toggleBox("stack-trace1586151649", this, "Click to show all stack frames", "Click to hide stack frames")'>Click to show all stack frames</a>
<div class='stack-trace' id='stack-trace1586151649'><pre>org.openqa.selenium.NoSuchElementException: Unable to locate element: {&quot;method&quot;:&quot;xpath&quot;,&quot;selector&quot;:&quot;html/body/div[1]/div[2]/div/div/section/section[1]/div[3]/figure/form/a/span&quot;}
Command duration or timeout: 60.04 seconds
For documentation on this error, please visit: http://seleniumhq.org/exceptions/no_such_element.html
Build info: version: &apos;2.48.2&apos;, revision: &apos;41bccdd&apos;, time: &apos;2015-10-09 19:55:52&apos;
System info: host: &apos;sakthivel-PC&apos;, ip: &apos;172.16.11.74&apos;, os.name: &apos;Windows 7&apos;, os.arch: &apos;amd64&apos;, os.version: &apos;6.1&apos;, java.version: &apos;1.8.0_65&apos;
Driver info: org.openqa.selenium.firefox.FirefoxDriver
Capabilities [{applicationCacheEnabled=true, rotatable=false, handlesAlerts=true, databaseEnabled=true, version=45.0, platform=WINDOWS, nativeEvents=false, acceptSslCerts=true, webStorageEnabled=true, locationContextEnabled=true, browserName=firefox, takesScreenshot=true, javascriptEnabled=true, cssSelectorsEnabled=true}]
Session ID: 0535866a-513e-4ded-978b-9334ba270a04
*** Element info: {Using=xpath, value=html/body/div[1]/div[2]/div/div/section/section[1]/div[3]/figure/form/a/span}
	at sun.reflect.NativeConstructorAccessorImpl.newInstance0(Native Method)
	at sun.reflect.NativeConstructorAccessorImpl.newInstance(NativeConstructorAccessorImpl.java:62)
	at sun.reflect.DelegatingConstructorAccessorImpl.newInstance(DelegatingConstructorAccessorImpl.java:45)
	at java.lang.reflect.Constructor.newInstance(Constructor.java:422)
	at org.openqa.selenium.remote.ErrorHandler.createThrowable(ErrorHandler.java:206)
	at org.openqa.selenium.remote.ErrorHandler.throwIfResponseFailed(ErrorHandler.java:158)
	at org.openqa.selenium.remote.RemoteWebDriver.execute(RemoteWebDriver.java:647)
	at org.openqa.selenium.remote.RemoteWebDriver.findElement(RemoteWebDriver.java:353)
	at org.openqa.selenium.remote.RemoteWebDriver.findElementByXPath(RemoteWebDriver.java:490)
	at org.openqa.selenium.By$ByXPath.findElement(By.java:361)
	at org.openqa.selenium.remote.RemoteWebDriver.findElement(RemoteWebDriver.java:345)
	at jenTest.FasciaSubProducts.GreyFasciaProducts(FasciaSubProducts.java:241)
	at sun.reflect.NativeMethodAccessorImpl.invoke0(Native Method)
	at sun.reflect.NativeMethodAccessorImpl.invoke(NativeMethodAccessorImpl.java:62)
	at sun.reflect.DelegatingMethodAccessorImpl.invoke(DelegatingMethodAccessorImpl.java:43)
	at java.lang.reflect.Method.invoke(Method.java:497)
	at org.testng.internal.MethodInvocationHelper.invokeMethod(MethodInvocationHelper.java:85)
	at org.testng.internal.Invoker.invokeMethod(Invoker.java:639)
	at org.testng.internal.Invoker.invokeTestMethod(Invoker.java:821)
	at org.testng.internal.Invoker.invokeTestMethods(Invoker.java:1131)
	at org.testng.internal.TestMethodWorker.invokeTestMethods(TestMethodWorker.java:124)
	at org.testng.internal.TestMethodWorker.run(TestMethodWorker.java:108)
	at org.testng.TestRunner.privateRun(TestRunner.java:773)
	at org.testng.TestRunner.run(TestRunner.java:623)
	at org.testng.SuiteRunner.runTest(SuiteRunner.java:357)
	at org.testng.SuiteRunner.runSequentially(SuiteRunner.java:352)
	at org.testng.SuiteRunner.privateRun(SuiteRunner.java:310)
	at org.testng.SuiteRunner.run(SuiteRunner.java:259)
	at org.testng.SuiteRunnerWorker.runSuite(SuiteRunnerWorker.java:52)
	at org.testng.SuiteRunnerWorker.run(SuiteRunnerWorker.java:86)
	at org.testng.TestNG.runSuitesSequentially(TestNG.java:1185)
	at org.testng.TestNG.runSuitesLocally(TestNG.java:1110)
	at org.testng.TestNG.run(TestNG.java:1018)
	at org.testng.TestNG.privateMain(TestNG.java:1325)
	at org.testng.TestNG.main(TestNG.java:1294)
Caused by: org.openqa.selenium.NoSuchElementException: Unable to locate element: {&quot;method&quot;:&quot;xpath&quot;,&quot;selector&quot;:&quot;html/body/div[1]/div[2]/div/div/section/section[1]/div[3]/figure/form/a/span&quot;}
For documentation on this error, please visit: http://seleniumhq.org/exceptions/no_such_element.html
Build info: version: &apos;2.48.2&apos;, revision: &apos;41bccdd&apos;, time: &apos;2015-10-09 19:55:52&apos;
System info: host: &apos;sakthivel-PC&apos;, ip: &apos;172.16.11.74&apos;, os.name: &apos;Windows 7&apos;, os.arch: &apos;amd64&apos;, os.version: &apos;6.1&apos;, java.version: &apos;1.8.0_65&apos;
Driver info: driver.version: unknown
	at &lt;anonymous class&gt;.FirefoxDriver.prototype.findElementInternal_(file:///C:/Windows/TEMP/anonymous1503213450374711720webdriver-profile/extensions/fxdriver@googlecode.com/components/driver-component.js:10659)
	at &lt;anonymous class&gt;.fxdriver.Timer.prototype.setTimeout/&lt;.notify(file:///C:/Windows/TEMP/anonymous1503213450374711720webdriver-profile/extensions/fxdriver@googlecode.com/components/driver-component.js:621)
</pre></div></td>
<td>116</td>
<td>jenTest.FasciaSubProducts@302c971f</td></tr>
<tr>
<td title='jenTest.GutteringPlastic.PolyFlowGutterinProducts()'><b>PolyFlowGutterinProducts</b><br>Test class: jenTest.GutteringPlastic</td>
<td><div><pre>org.openqa.selenium.ElementNotVisibleException: Element is not currently visible and so may not be interacted with
Command duration or timeout: 60.10 seconds
Build info: version: &apos;2.48.2&apos;, revision: &apos;41bccdd&apos;, time: &apos;2015-10-09 19:55:52&apos;
System info: host: &apos;sakthivel-PC&apos;, ip: &apos;172.16.11.74&apos;, os.name: &apos;Windows 7&apos;, os.arch: &apos;amd64&apos;, os.version: &apos;6.1&apos;, java.version: &apos;1.8.0_65&apos;
Driver info: org.openqa.selenium.firefox.FirefoxDriver
Capabilities [{applicationCacheEnabled=true, rotatable=false, handlesAlerts=true, databaseEnabled=true, version=45.0, platform=WINDOWS, nativeEvents=false, acceptSslCerts=true, webStorageEnabled=true, locationContextEnabled=true, browserName=firefox, takesScreenshot=true, javascriptEnabled=true, cssSelectorsEnabled=true}]
Session ID: 38952967-6d28-4e53-964f-ea3f1805c8f6
	at org.openqa.selenium.remote.ErrorHandler.createThrowable(ErrorHandler.java:206)
	at org.openqa.selenium.remote.ErrorHandler.throwIfResponseFailed(ErrorHandler.java:158)
	at org.openqa.selenium.remote.RemoteWebDriver.execute(RemoteWebDriver.java:647)
	at org.openqa.selenium.remote.RemoteWebElement.execute(RemoteWebElement.java:326)
	at org.openqa.selenium.remote.RemoteWebElement.click(RemoteWebElement.java:84)
	at jenTest.GutteringPlastic.PolyFlowGutterinProducts(GutteringPlastic.java:245)
Caused by: org.openqa.selenium.ElementNotVisibleException: Element is not currently visible and so may not be interacted with
Build info: version: &apos;2.48.2&apos;, revision: &apos;41bccdd&apos;, time: &apos;2015-10-09 19:55:52&apos;
System info: host: &apos;sakthivel-PC&apos;, ip: &apos;172.16.11.74&apos;, os.name: &apos;Windows 7&apos;, os.arch: &apos;amd64&apos;, os.version: &apos;6.1&apos;, java.version: &apos;1.8.0_65&apos;
Driver info: driver.version: unknown
	at &lt;anonymous class&gt;.fxdriver.preconditions.visible(file:///C:/Windows/TEMP/anonymous6941181125351320017webdriver-profile/extensions/fxdriver@googlecode.com/components/command-processor.js:9981)
	at &lt;anonymous class&gt;.DelayedCommand.prototype.checkPreconditions_(file:///C:/Windows/TEMP/anonymous6941181125351320017webdriver-profile/extensions/fxdriver@googlecode.com/components/command-processor.js:12517)
	at &lt;anonymous class&gt;.DelayedCommand.prototype.executeInternal_/h(file:///C:/Windows/TEMP/anonymous6941181125351320017webdriver-profile/extensions/fxdriver@googlecode.com/components/command-processor.js:12534)
	at &lt;anonymous class&gt;.fxdriver.Timer.prototype.setTimeout/&lt;.notify(file:///C:/Windows/TEMP/anonymous6941181125351320017webdriver-profile/extensions/fxdriver@googlecode.com/components/command-processor.js:621)
... Removed 27 stack frames</pre></div><a href='#' onClick='toggleBox("stack-trace504006221", this, "Click to show all stack frames", "Click to hide stack frames")'>Click to show all stack frames</a>
<div class='stack-trace' id='stack-trace504006221'><pre>org.openqa.selenium.ElementNotVisibleException: Element is not currently visible and so may not be interacted with
Command duration or timeout: 60.10 seconds
Build info: version: &apos;2.48.2&apos;, revision: &apos;41bccdd&apos;, time: &apos;2015-10-09 19:55:52&apos;
System info: host: &apos;sakthivel-PC&apos;, ip: &apos;172.16.11.74&apos;, os.name: &apos;Windows 7&apos;, os.arch: &apos;amd64&apos;, os.version: &apos;6.1&apos;, java.version: &apos;1.8.0_65&apos;
Driver info: org.openqa.selenium.firefox.FirefoxDriver
Capabilities [{applicationCacheEnabled=true, rotatable=false, handlesAlerts=true, databaseEnabled=true, version=45.0, platform=WINDOWS, nativeEvents=false, acceptSslCerts=true, webStorageEnabled=true, locationContextEnabled=true, browserName=firefox, takesScreenshot=true, javascriptEnabled=true, cssSelectorsEnabled=true}]
Session ID: 38952967-6d28-4e53-964f-ea3f1805c8f6
	at sun.reflect.NativeConstructorAccessorImpl.newInstance0(Native Method)
	at sun.reflect.NativeConstructorAccessorImpl.newInstance(NativeConstructorAccessorImpl.java:62)
	at sun.reflect.DelegatingConstructorAccessorImpl.newInstance(DelegatingConstructorAccessorImpl.java:45)
	at java.lang.reflect.Constructor.newInstance(Constructor.java:422)
	at org.openqa.selenium.remote.ErrorHandler.createThrowable(ErrorHandler.java:206)
	at org.openqa.selenium.remote.ErrorHandler.throwIfResponseFailed(ErrorHandler.java:158)
	at org.openqa.selenium.remote.RemoteWebDriver.execute(RemoteWebDriver.java:647)
	at org.openqa.selenium.remote.RemoteWebElement.execute(RemoteWebElement.java:326)
	at org.openqa.selenium.remote.RemoteWebElement.click(RemoteWebElement.java:84)
	at jenTest.GutteringPlastic.PolyFlowGutterinProducts(GutteringPlastic.java:245)
	at sun.reflect.NativeMethodAccessorImpl.invoke0(Native Method)
	at sun.reflect.NativeMethodAccessorImpl.invoke(NativeMethodAccessorImpl.java:62)
	at sun.reflect.DelegatingMethodAccessorImpl.invoke(DelegatingMethodAccessorImpl.java:43)
	at java.lang.reflect.Method.invoke(Method.java:497)
	at org.testng.internal.MethodInvocationHelper.invokeMethod(MethodInvocationHelper.java:85)
	at org.testng.internal.Invoker.invokeMethod(Invoker.java:639)
	at org.testng.internal.Invoker.invokeTestMethod(Invoker.java:821)
	at org.testng.internal.Invoker.invokeTestMethods(Invoker.java:1131)
	at org.testng.internal.TestMethodWorker.invokeTestMethods(TestMethodWorker.java:124)
	at org.testng.internal.TestMethodWorker.run(TestMethodWorker.java:108)
	at org.testng.TestRunner.privateRun(TestRunner.java:773)
	at org.testng.TestRunner.run(TestRunner.java:623)
	at org.testng.SuiteRunner.runTest(SuiteRunner.java:357)
	at org.testng.SuiteRunner.runSequentially(SuiteRunner.java:352)
	at org.testng.SuiteRunner.privateRun(SuiteRunner.java:310)
	at org.testng.SuiteRunner.run(SuiteRunner.java:259)
	at org.testng.SuiteRunnerWorker.runSuite(SuiteRunnerWorker.java:52)
	at org.testng.SuiteRunnerWorker.run(SuiteRunnerWorker.java:86)
	at org.testng.TestNG.runSuitesSequentially(TestNG.java:1185)
	at org.testng.TestNG.runSuitesLocally(TestNG.java:1110)
	at org.testng.TestNG.run(TestNG.java:1018)
	at org.testng.TestNG.privateMain(TestNG.java:1325)
	at org.testng.TestNG.main(TestNG.java:1294)
Caused by: org.openqa.selenium.ElementNotVisibleException: Element is not currently visible and so may not be interacted with
Build info: version: &apos;2.48.2&apos;, revision: &apos;41bccdd&apos;, time: &apos;2015-10-09 19:55:52&apos;
System info: host: &apos;sakthivel-PC&apos;, ip: &apos;172.16.11.74&apos;, os.name: &apos;Windows 7&apos;, os.arch: &apos;amd64&apos;, os.version: &apos;6.1&apos;, java.version: &apos;1.8.0_65&apos;
Driver info: driver.version: unknown
	at &lt;anonymous class&gt;.fxdriver.preconditions.visible(file:///C:/Windows/TEMP/anonymous6941181125351320017webdriver-profile/extensions/fxdriver@googlecode.com/components/command-processor.js:9981)
	at &lt;anonymous class&gt;.DelayedCommand.prototype.checkPreconditions_(file:///C:/Windows/TEMP/anonymous6941181125351320017webdriver-profile/extensions/fxdriver@googlecode.com/components/command-processor.js:12517)
	at &lt;anonymous class&gt;.DelayedCommand.prototype.executeInternal_/h(file:///C:/Windows/TEMP/anonymous6941181125351320017webdriver-profile/extensions/fxdriver@googlecode.com/components/command-processor.js:12534)
	at &lt;anonymous class&gt;.fxdriver.Timer.prototype.setTimeout/&lt;.notify(file:///C:/Windows/TEMP/anonymous6941181125351320017webdriver-profile/extensions/fxdriver@googlecode.com/components/command-processor.js:621)
</pre></div></td>
<td>456</td>
<td>jenTest.GutteringPlastic@4d0d9fe7</td></tr>
<tr>
<td title='jenTest.GutteringPlastic.SwishAnthraciteGreyRAL7016GutteringProducts()'><b>SwishAnthraciteGreyRAL7016GutteringProducts</b><br>Test class: jenTest.GutteringPlastic</td>
<td><div><pre>org.openqa.selenium.ElementNotVisibleException: Element is not currently visible and so may not be interacted with
Command duration or timeout: 60.78 seconds
Build info: version: &apos;2.48.2&apos;, revision: &apos;41bccdd&apos;, time: &apos;2015-10-09 19:55:52&apos;
System info: host: &apos;sakthivel-PC&apos;, ip: &apos;172.16.11.74&apos;, os.name: &apos;Windows 7&apos;, os.arch: &apos;amd64&apos;, os.version: &apos;6.1&apos;, java.version: &apos;1.8.0_65&apos;
Driver info: org.openqa.selenium.firefox.FirefoxDriver
Capabilities [{applicationCacheEnabled=true, rotatable=false, handlesAlerts=true, databaseEnabled=true, version=45.0, platform=WINDOWS, nativeEvents=false, acceptSslCerts=true, webStorageEnabled=true, locationContextEnabled=true, browserName=firefox, takesScreenshot=true, javascriptEnabled=true, cssSelectorsEnabled=true}]
Session ID: 38952967-6d28-4e53-964f-ea3f1805c8f6
	at org.openqa.selenium.remote.ErrorHandler.createThrowable(ErrorHandler.java:206)
	at org.openqa.selenium.remote.ErrorHandler.throwIfResponseFailed(ErrorHandler.java:158)
	at org.openqa.selenium.remote.RemoteWebDriver.execute(RemoteWebDriver.java:647)
	at org.openqa.selenium.remote.RemoteWebElement.execute(RemoteWebElement.java:326)
	at org.openqa.selenium.remote.RemoteWebElement.click(RemoteWebElement.java:84)
	at jenTest.GutteringPlastic.SwishAnthraciteGreyRAL7016GutteringProducts(GutteringPlastic.java:1079)
Caused by: org.openqa.selenium.ElementNotVisibleException: Element is not currently visible and so may not be interacted with
Build info: version: &apos;2.48.2&apos;, revision: &apos;41bccdd&apos;, time: &apos;2015-10-09 19:55:52&apos;
System info: host: &apos;sakthivel-PC&apos;, ip: &apos;172.16.11.74&apos;, os.name: &apos;Windows 7&apos;, os.arch: &apos;amd64&apos;, os.version: &apos;6.1&apos;, java.version: &apos;1.8.0_65&apos;
Driver info: driver.version: unknown
	at &lt;anonymous class&gt;.fxdriver.preconditions.visible(file:///C:/Windows/TEMP/anonymous6941181125351320017webdriver-profile/extensions/fxdriver@googlecode.com/components/command-processor.js:9981)
	at &lt;anonymous class&gt;.DelayedCommand.prototype.checkPreconditions_(file:///C:/Windows/TEMP/anonymous6941181125351320017webdriver-profile/extensions/fxdriver@googlecode.com/components/command-processor.js:12517)
	at &lt;anonymous class&gt;.DelayedCommand.prototype.executeInternal_/h(file:///C:/Windows/TEMP/anonymous6941181125351320017webdriver-profile/extensions/fxdriver@googlecode.com/components/command-processor.js:12534)
	at &lt;anonymous class&gt;.fxdriver.Timer.prototype.setTimeout/&lt;.notify(file:///C:/Windows/TEMP/anonymous6941181125351320017webdriver-profile/extensions/fxdriver@googlecode.com/components/command-processor.js:621)
... Removed 27 stack frames</pre></div><a href='#' onClick='toggleBox("stack-trace2143419697", this, "Click to show all stack frames", "Click to hide stack frames")'>Click to show all stack frames</a>
<div class='stack-trace' id='stack-trace2143419697'><pre>org.openqa.selenium.ElementNotVisibleException: Element is not currently visible and so may not be interacted with
Command duration or timeout: 60.78 seconds
Build info: version: &apos;2.48.2&apos;, revision: &apos;41bccdd&apos;, time: &apos;2015-10-09 19:55:52&apos;
System info: host: &apos;sakthivel-PC&apos;, ip: &apos;172.16.11.74&apos;, os.name: &apos;Windows 7&apos;, os.arch: &apos;amd64&apos;, os.version: &apos;6.1&apos;, java.version: &apos;1.8.0_65&apos;
Driver info: org.openqa.selenium.firefox.FirefoxDriver
Capabilities [{applicationCacheEnabled=true, rotatable=false, handlesAlerts=true, databaseEnabled=true, version=45.0, platform=WINDOWS, nativeEvents=false, acceptSslCerts=true, webStorageEnabled=true, locationContextEnabled=true, browserName=firefox, takesScreenshot=true, javascriptEnabled=true, cssSelectorsEnabled=true}]
Session ID: 38952967-6d28-4e53-964f-ea3f1805c8f6
	at sun.reflect.NativeConstructorAccessorImpl.newInstance0(Native Method)
	at sun.reflect.NativeConstructorAccessorImpl.newInstance(NativeConstructorAccessorImpl.java:62)
	at sun.reflect.DelegatingConstructorAccessorImpl.newInstance(DelegatingConstructorAccessorImpl.java:45)
	at java.lang.reflect.Constructor.newInstance(Constructor.java:422)
	at org.openqa.selenium.remote.ErrorHandler.createThrowable(ErrorHandler.java:206)
	at org.openqa.selenium.remote.ErrorHandler.throwIfResponseFailed(ErrorHandler.java:158)
	at org.openqa.selenium.remote.RemoteWebDriver.execute(RemoteWebDriver.java:647)
	at org.openqa.selenium.remote.RemoteWebElement.execute(RemoteWebElement.java:326)
	at org.openqa.selenium.remote.RemoteWebElement.click(RemoteWebElement.java:84)
	at jenTest.GutteringPlastic.SwishAnthraciteGreyRAL7016GutteringProducts(GutteringPlastic.java:1079)
	at sun.reflect.NativeMethodAccessorImpl.invoke0(Native Method)
	at sun.reflect.NativeMethodAccessorImpl.invoke(NativeMethodAccessorImpl.java:62)
	at sun.reflect.DelegatingMethodAccessorImpl.invoke(DelegatingMethodAccessorImpl.java:43)
	at java.lang.reflect.Method.invoke(Method.java:497)
	at org.testng.internal.MethodInvocationHelper.invokeMethod(MethodInvocationHelper.java:85)
	at org.testng.internal.Invoker.invokeMethod(Invoker.java:639)
	at org.testng.internal.Invoker.invokeTestMethod(Invoker.java:821)
	at org.testng.internal.Invoker.invokeTestMethods(Invoker.java:1131)
	at org.testng.internal.TestMethodWorker.invokeTestMethods(TestMethodWorker.java:124)
	at org.testng.internal.TestMethodWorker.run(TestMethodWorker.java:108)
	at org.testng.TestRunner.privateRun(TestRunner.java:773)
	at org.testng.TestRunner.run(TestRunner.java:623)
	at org.testng.SuiteRunner.runTest(SuiteRunner.java:357)
	at org.testng.SuiteRunner.runSequentially(SuiteRunner.java:352)
	at org.testng.SuiteRunner.privateRun(SuiteRunner.java:310)
	at org.testng.SuiteRunner.run(SuiteRunner.java:259)
	at org.testng.SuiteRunnerWorker.runSuite(SuiteRunnerWorker.java:52)
	at org.testng.SuiteRunnerWorker.run(SuiteRunnerWorker.java:86)
	at org.testng.TestNG.runSuitesSequentially(TestNG.java:1185)
	at org.testng.TestNG.runSuitesLocally(TestNG.java:1110)
	at org.testng.TestNG.run(TestNG.java:1018)
	at org.testng.TestNG.privateMain(TestNG.java:1325)
	at org.testng.TestNG.main(TestNG.java:1294)
Caused by: org.openqa.selenium.ElementNotVisibleException: Element is not currently visible and so may not be interacted with
Build info: version: &apos;2.48.2&apos;, revision: &apos;41bccdd&apos;, time: &apos;2015-10-09 19:55:52&apos;
System info: host: &apos;sakthivel-PC&apos;, ip: &apos;172.16.11.74&apos;, os.name: &apos;Windows 7&apos;, os.arch: &apos;amd64&apos;, os.version: &apos;6.1&apos;, java.version: &apos;1.8.0_65&apos;
Driver info: driver.version: unknown
	at &lt;anonymous class&gt;.fxdriver.preconditions.visible(file:///C:/Windows/TEMP/anonymous6941181125351320017webdriver-profile/extensions/fxdriver@googlecode.com/components/command-processor.js:9981)
	at &lt;anonymous class&gt;.DelayedCommand.prototype.checkPreconditions_(file:///C:/Windows/TEMP/anonymous6941181125351320017webdriver-profile/extensions/fxdriver@googlecode.com/components/command-processor.js:12517)
	at &lt;anonymous class&gt;.DelayedCommand.prototype.executeInternal_/h(file:///C:/Windows/TEMP/anonymous6941181125351320017webdriver-profile/extensions/fxdriver@googlecode.com/components/command-processor.js:12534)
	at &lt;anonymous class&gt;.fxdriver.Timer.prototype.setTimeout/&lt;.notify(file:///C:/Windows/TEMP/anonymous6941181125351320017webdriver-profile/extensions/fxdriver@googlecode.com/components/command-processor.js:621)
</pre></div></td>
<td>102</td>
<td>jenTest.GutteringPlastic@4d0d9fe7</td></tr>
<tr>
<td title='jenTest.GutteringPlastic.VictorianOgeeGutterinProducts()'><b>VictorianOgeeGutterinProducts</b><br>Test class: jenTest.GutteringPlastic</td>
<td><div><pre>org.openqa.selenium.ElementNotVisibleException: Element is not currently visible and so may not be interacted with
Command duration or timeout: 60.11 seconds
Build info: version: &apos;2.48.2&apos;, revision: &apos;41bccdd&apos;, time: &apos;2015-10-09 19:55:52&apos;
System info: host: &apos;sakthivel-PC&apos;, ip: &apos;172.16.11.74&apos;, os.name: &apos;Windows 7&apos;, os.arch: &apos;amd64&apos;, os.version: &apos;6.1&apos;, java.version: &apos;1.8.0_65&apos;
Driver info: org.openqa.selenium.firefox.FirefoxDriver
Capabilities [{applicationCacheEnabled=true, rotatable=false, handlesAlerts=true, databaseEnabled=true, version=45.0, platform=WINDOWS, nativeEvents=false, acceptSslCerts=true, webStorageEnabled=true, locationContextEnabled=true, browserName=firefox, takesScreenshot=true, javascriptEnabled=true, cssSelectorsEnabled=true}]
Session ID: 38952967-6d28-4e53-964f-ea3f1805c8f6
	at org.openqa.selenium.remote.ErrorHandler.createThrowable(ErrorHandler.java:206)
	at org.openqa.selenium.remote.ErrorHandler.throwIfResponseFailed(ErrorHandler.java:158)
	at org.openqa.selenium.remote.RemoteWebDriver.execute(RemoteWebDriver.java:647)
	at org.openqa.selenium.remote.RemoteWebElement.execute(RemoteWebElement.java:326)
	at org.openqa.selenium.remote.RemoteWebElement.click(RemoteWebElement.java:84)
	at jenTest.GutteringPlastic.VictorianOgeeGutterinProducts(GutteringPlastic.java:306)
Caused by: org.openqa.selenium.ElementNotVisibleException: Element is not currently visible and so may not be interacted with
Build info: version: &apos;2.48.2&apos;, revision: &apos;41bccdd&apos;, time: &apos;2015-10-09 19:55:52&apos;
System info: host: &apos;sakthivel-PC&apos;, ip: &apos;172.16.11.74&apos;, os.name: &apos;Windows 7&apos;, os.arch: &apos;amd64&apos;, os.version: &apos;6.1&apos;, java.version: &apos;1.8.0_65&apos;
Driver info: driver.version: unknown
	at &lt;anonymous class&gt;.fxdriver.preconditions.visible(file:///C:/Windows/TEMP/anonymous6941181125351320017webdriver-profile/extensions/fxdriver@googlecode.com/components/command-processor.js:9981)
	at &lt;anonymous class&gt;.DelayedCommand.prototype.checkPreconditions_(file:///C:/Windows/TEMP/anonymous6941181125351320017webdriver-profile/extensions/fxdriver@googlecode.com/components/command-processor.js:12517)
	at &lt;anonymous class&gt;.DelayedCommand.prototype.executeInternal_/h(file:///C:/Windows/TEMP/anonymous6941181125351320017webdriver-profile/extensions/fxdriver@googlecode.com/components/command-processor.js:12534)
	at &lt;anonymous class&gt;.fxdriver.Timer.prototype.setTimeout/&lt;.notify(file:///C:/Windows/TEMP/anonymous6941181125351320017webdriver-profile/extensions/fxdriver@googlecode.com/components/command-processor.js:621)
... Removed 27 stack frames</pre></div><a href='#' onClick='toggleBox("stack-trace1135523296", this, "Click to show all stack frames", "Click to hide stack frames")'>Click to show all stack frames</a>
<div class='stack-trace' id='stack-trace1135523296'><pre>org.openqa.selenium.ElementNotVisibleException: Element is not currently visible and so may not be interacted with
Command duration or timeout: 60.11 seconds
Build info: version: &apos;2.48.2&apos;, revision: &apos;41bccdd&apos;, time: &apos;2015-10-09 19:55:52&apos;
System info: host: &apos;sakthivel-PC&apos;, ip: &apos;172.16.11.74&apos;, os.name: &apos;Windows 7&apos;, os.arch: &apos;amd64&apos;, os.version: &apos;6.1&apos;, java.version: &apos;1.8.0_65&apos;
Driver info: org.openqa.selenium.firefox.FirefoxDriver
Capabilities [{applicationCacheEnabled=true, rotatable=false, handlesAlerts=true, databaseEnabled=true, version=45.0, platform=WINDOWS, nativeEvents=false, acceptSslCerts=true, webStorageEnabled=true, locationContextEnabled=true, browserName=firefox, takesScreenshot=true, javascriptEnabled=true, cssSelectorsEnabled=true}]
Session ID: 38952967-6d28-4e53-964f-ea3f1805c8f6
	at sun.reflect.NativeConstructorAccessorImpl.newInstance0(Native Method)
	at sun.reflect.NativeConstructorAccessorImpl.newInstance(NativeConstructorAccessorImpl.java:62)
	at sun.reflect.DelegatingConstructorAccessorImpl.newInstance(DelegatingConstructorAccessorImpl.java:45)
	at java.lang.reflect.Constructor.newInstance(Constructor.java:422)
	at org.openqa.selenium.remote.ErrorHandler.createThrowable(ErrorHandler.java:206)
	at org.openqa.selenium.remote.ErrorHandler.throwIfResponseFailed(ErrorHandler.java:158)
	at org.openqa.selenium.remote.RemoteWebDriver.execute(RemoteWebDriver.java:647)
	at org.openqa.selenium.remote.RemoteWebElement.execute(RemoteWebElement.java:326)
	at org.openqa.selenium.remote.RemoteWebElement.click(RemoteWebElement.java:84)
	at jenTest.GutteringPlastic.VictorianOgeeGutterinProducts(GutteringPlastic.java:306)
	at sun.reflect.NativeMethodAccessorImpl.invoke0(Native Method)
	at sun.reflect.NativeMethodAccessorImpl.invoke(NativeMethodAccessorImpl.java:62)
	at sun.reflect.DelegatingMethodAccessorImpl.invoke(DelegatingMethodAccessorImpl.java:43)
	at java.lang.reflect.Method.invoke(Method.java:497)
	at org.testng.internal.MethodInvocationHelper.invokeMethod(MethodInvocationHelper.java:85)
	at org.testng.internal.Invoker.invokeMethod(Invoker.java:639)
	at org.testng.internal.Invoker.invokeTestMethod(Invoker.java:821)
	at org.testng.internal.Invoker.invokeTestMethods(Invoker.java:1131)
	at org.testng.internal.TestMethodWorker.invokeTestMethods(TestMethodWorker.java:124)
	at org.testng.internal.TestMethodWorker.run(TestMethodWorker.java:108)
	at org.testng.TestRunner.privateRun(TestRunner.java:773)
	at org.testng.TestRunner.run(TestRunner.java:623)
	at org.testng.SuiteRunner.runTest(SuiteRunner.java:357)
	at org.testng.SuiteRunner.runSequentially(SuiteRunner.java:352)
	at org.testng.SuiteRunner.privateRun(SuiteRunner.java:310)
	at org.testng.SuiteRunner.run(SuiteRunner.java:259)
	at org.testng.SuiteRunnerWorker.runSuite(SuiteRunnerWorker.java:52)
	at org.testng.SuiteRunnerWorker.run(SuiteRunnerWorker.java:86)
	at org.testng.TestNG.runSuitesSequentially(TestNG.java:1185)
	at org.testng.TestNG.runSuitesLocally(TestNG.java:1110)
	at org.testng.TestNG.run(TestNG.java:1018)
	at org.testng.TestNG.privateMain(TestNG.java:1325)
	at org.testng.TestNG.main(TestNG.java:1294)
Caused by: org.openqa.selenium.ElementNotVisibleException: Element is not currently visible and so may not be interacted with
Build info: version: &apos;2.48.2&apos;, revision: &apos;41bccdd&apos;, time: &apos;2015-10-09 19:55:52&apos;
System info: host: &apos;sakthivel-PC&apos;, ip: &apos;172.16.11.74&apos;, os.name: &apos;Windows 7&apos;, os.arch: &apos;amd64&apos;, os.version: &apos;6.1&apos;, java.version: &apos;1.8.0_65&apos;
Driver info: driver.version: unknown
	at &lt;anonymous class&gt;.fxdriver.preconditions.visible(file:///C:/Windows/TEMP/anonymous6941181125351320017webdriver-profile/extensions/fxdriver@googlecode.com/components/command-processor.js:9981)
	at &lt;anonymous class&gt;.DelayedCommand.prototype.checkPreconditions_(file:///C:/Windows/TEMP/anonymous6941181125351320017webdriver-profile/extensions/fxdriver@googlecode.com/components/command-processor.js:12517)
	at &lt;anonymous class&gt;.DelayedCommand.prototype.executeInternal_/h(file:///C:/Windows/TEMP/anonymous6941181125351320017webdriver-profile/extensions/fxdriver@googlecode.com/components/command-processor.js:12534)
	at &lt;anonymous class&gt;.fxdriver.Timer.prototype.setTimeout/&lt;.notify(file:///C:/Windows/TEMP/anonymous6941181125351320017webdriver-profile/extensions/fxdriver@googlecode.com/components/command-processor.js:621)
</pre></div></td>
<td>197</td>
<td>jenTest.GutteringPlastic@4d0d9fe7</td></tr>
</table><p>
<table width='100%' border='1' class='invocation-passed'>
<tr><td colspan='4' align='center'><b>PASSED TESTS</b></td></tr>
<tr><td><b>Test method</b></td>
<td width="30%"><b>Exception</b></td>
<td width="10%"><b>Time (seconds)</b></td>
<td><b>Instance</b></td>
</tr>
<tr>
<td title='jenTest.GutteringPlastic.AccessoriesProductPage()'><b>AccessoriesProductPage</b><br>Test class: jenTest.GutteringPlastic</td>
<td></td>
<td>47</td>
<td>jenTest.GutteringPlastic@4d0d9fe7</td></tr>
<tr>
<td title='jenTest.GutteringCastAluminium.BeadedDeepFlowCastAluminiumProducts()'><b>BeadedDeepFlowCastAluminiumProducts</b><br>Test class: jenTest.GutteringCastAluminium</td>
<td></td>
<td>77</td>
<td>jenTest.GutteringCastAluminium@312aa7c</td></tr>
<tr>
<td title='jenTest.GutteringGalvanisedSteel.BeadedDeepFlowCastAluminiumProducts()'><b>BeadedDeepFlowCastAluminiumProducts</b><br>Test class: jenTest.GutteringGalvanisedSteel</td>
<td></td>
<td>644</td>
<td>jenTest.GutteringGalvanisedSteel@536f2a7e</td></tr>
<tr>
<td title='jenTest.GutteringCastAluminium.BeadedHalfRoundCastAluminiumProducts()'><b>BeadedHalfRoundCastAluminiumProducts</b><br>Test class: jenTest.GutteringCastAluminium</td>
<td></td>
<td>188</td>
<td>jenTest.GutteringCastAluminium@312aa7c</td></tr>
<tr>
<td title='jenTest.FasciaSubProducts.BlackFasciaProducts()'><b>BlackFasciaProducts</b><br>Test class: jenTest.FasciaSubProducts</td>
<td></td>
<td>380</td>
<td>jenTest.FasciaSubProducts@302c971f</td></tr>
<tr>
<td title='jenTest.GutteringPlastic.CapDeepCapacityGutterSystemProductPage()'><b>CapDeepCapacityGutterSystemProductPage</b><br>Test class: jenTest.GutteringPlastic</td>
<td></td>
<td>978</td>
<td>jenTest.GutteringPlastic@4d0d9fe7</td></tr>
<tr>
<td title='jenTest.GutteringCastAluminium.CastAluminiumGuttersProducts()'><b>CastAluminiumGuttersProducts</b><br>Test class: jenTest.GutteringCastAluminium</td>
<td></td>
<td>290</td>
<td>jenTest.GutteringCastAluminium@312aa7c</td></tr>
<tr>
<td title='jenTest.FasciaSubProducts.ChartwellGreenFasciaProducts()'><b>ChartwellGreenFasciaProducts</b><br>Test class: jenTest.FasciaSubProducts</td>
<td></td>
<td>139</td>
<td>jenTest.FasciaSubProducts@302c971f</td></tr>
<tr>
<td title='jenTest.GutteringPlastic.CornicheSquarelineGutteringProducts()'><b>CornicheSquarelineGutteringProducts</b><br>Test class: jenTest.GutteringPlastic</td>
<td></td>
<td>651</td>
<td>jenTest.GutteringPlastic@4d0d9fe7</td></tr>
<tr>
<td title='jenTest.FasciaSubProducts.CreamFasciaProducts()'><b>CreamFasciaProducts</b><br>Test class: jenTest.FasciaSubProducts</td>
<td></td>
<td>132</td>
<td>jenTest.FasciaSubProducts@302c971f</td></tr>
<tr>
<td title='jenTest.GutteringImitaionCastIron.DeepCapacityRoundbyBrettMartinProducts()'><b>DeepCapacityRoundbyBrettMartinProducts</b><br>Test class: jenTest.GutteringImitaionCastIron</td>
<td></td>
<td>56</td>
<td>jenTest.GutteringImitaionCastIron@c430e6c</td></tr>
<tr>
<td title='jenTest.GutteringImitaionCastIron.EleganceCastIronSystembyPolypipeProducts()'><b>EleganceCastIronSystembyPolypipeProducts</b><br>Test class: jenTest.GutteringImitaionCastIron</td>
<td></td>
<td>332</td>
<td>jenTest.GutteringImitaionCastIron@c430e6c</td></tr>
<tr>
<td title='jenTest.GutteringPlastic.FloplastTradeRangeProducts()'><b>FloplastTradeRangeProducts</b><br>Test class: jenTest.GutteringPlastic</td>
<td></td>
<td>171</td>
<td>jenTest.GutteringPlastic@4d0d9fe7</td></tr>
<tr>
<td title='jenTest.FasciaSubProducts.GoldenOakFasciaProducts()'><b>GoldenOakFasciaProducts</b><br>Test class: jenTest.FasciaSubProducts</td>
<td></td>
<td>203</td>
<td>jenTest.FasciaSubProducts@302c971f</td></tr>
<tr>
<td title='jenTest.GutteringPlastic.IndustrialGutteringProductPage()'><b>IndustrialGutteringProductPage</b><br>Test class: jenTest.GutteringPlastic</td>
<td></td>
<td>721</td>
<td>jenTest.GutteringPlastic@4d0d9fe7</td></tr>
<tr>
<td title='jenTest.GutteringImitaionCastIron.IndustrialHalfRoundbyBrettMartinProducts()'><b>IndustrialHalfRoundbyBrettMartinProducts</b><br>Test class: jenTest.GutteringImitaionCastIron</td>
<td></td>
<td>46</td>
<td>jenTest.GutteringImitaionCastIron@c430e6c</td></tr>
<tr>
<td title='jenTest.FasciaSubProducts.IrishOakFasciaProducts()'><b>IrishOakFasciaProducts</b><br>Test class: jenTest.FasciaSubProducts</td>
<td></td>
<td>164</td>
<td>jenTest.FasciaSubProducts@302c971f</td></tr>
<tr>
<td title='jenTest.FasciaSubProducts.MBossFasciaProducts()'><b>MBossFasciaProducts</b><br>Test class: jenTest.FasciaSubProducts</td>
<td></td>
<td>86</td>
<td>jenTest.FasciaSubProducts@302c971f</td></tr>
<tr>
<td title='jenTest.FasciaSubProducts.MahoganyFasciaProducts()'><b>MahoganyFasciaProducts</b><br>Test class: jenTest.FasciaSubProducts</td>
<td></td>
<td>197</td>
<td>jenTest.FasciaSubProducts@302c971f</td></tr>
<tr>
<td title='jenTest.GutteringPlastic.MinlineGutteringProducts()'><b>MinlineGutteringProducts</b><br>Test class: jenTest.GutteringPlastic</td>
<td></td>
<td>165</td>
<td>jenTest.GutteringPlastic@4d0d9fe7</td></tr>
<tr>
<td title='jenTest.GutteringCastAluminium.MouldedNo46OgeeCastAluminiumProducts()'><b>MouldedNo46OgeeCastAluminiumProducts</b><br>Test class: jenTest.GutteringCastAluminium</td>
<td></td>
<td>372</td>
<td>jenTest.GutteringCastAluminium@312aa7c</td></tr>
<tr>
<td title='jenTest.GutteringImitaionCastIron.MouldedOgeeGutterbyBrettMartinProducts()'><b>MouldedOgeeGutterbyBrettMartinProducts</b><br>Test class: jenTest.GutteringImitaionCastIron</td>
<td></td>
<td>87</td>
<td>jenTest.GutteringImitaionCastIron@c430e6c</td></tr>
<tr>
<td title='jenTest.GutteringPlastic.OmegaOgeeGutteringProductPage()'><b>OmegaOgeeGutteringProductPage</b><br>Test class: jenTest.GutteringPlastic</td>
<td></td>
<td>284</td>
<td>jenTest.GutteringPlastic@4d0d9fe7</td></tr>
<tr>
<td title='jenTest.GutteringPlastic.RapidflowDeepflowGutteringProducts()'><b>RapidflowDeepflowGutteringProducts</b><br>Test class: jenTest.GutteringPlastic</td>
<td></td>
<td>240</td>
<td>jenTest.GutteringPlastic@4d0d9fe7</td></tr>
<tr>
<td title='jenTest.FasciaSubProducts.RosewoodFasciaProducts()'><b>RosewoodFasciaProducts</b><br>Test class: jenTest.FasciaSubProducts</td>
<td></td>
<td>213</td>
<td>jenTest.FasciaSubProducts@302c971f</td></tr>
<tr>
<td title='jenTest.GutteringPlastic.SovereignMouldedOgeePrducts()'><b>SovereignMouldedOgeePrducts</b><br>Test class: jenTest.GutteringPlastic</td>
<td></td>
<td>423</td>
<td>jenTest.GutteringPlastic@4d0d9fe7</td></tr>
<tr>
<td title='jenTest.GutteringPlastic.SquareLineGutterinProducts()'><b>SquareLineGutterinProducts</b><br>Test class: jenTest.GutteringPlastic</td>
<td></td>
<td>637</td>
<td>jenTest.GutteringPlastic@4d0d9fe7</td></tr>
<tr>
<td title='jenTest.GutteringPlastic.StandardHalfRoundProducts()'><b>StandardHalfRoundProducts</b><br>Test class: jenTest.GutteringPlastic</td>
<td></td>
<td>799</td>
<td>jenTest.GutteringPlastic@4d0d9fe7</td></tr>
<tr>
<td title='jenTest.GutteringImitaionCastIron.StandardHalfRoundProducts()'><b>StandardHalfRoundProducts</b><br>Test class: jenTest.GutteringImitaionCastIron</td>
<td></td>
<td>124</td>
<td>jenTest.GutteringImitaionCastIron@c430e6c</td></tr>
<tr>
<td title='jenTest.GutteringPlastic.StreamlineSquareGutteringProductPage()'><b>StreamlineSquareGutteringProductPage</b><br>Test class: jenTest.GutteringPlastic</td>
<td></td>
<td>137</td>
<td>jenTest.GutteringPlastic@4d0d9fe7</td></tr>
<tr>
<td title='jenTest.GutteringPlastic.TerrainPremiumRangeProducts()'><b>TerrainPremiumRangeProducts</b><br>Test class: jenTest.GutteringPlastic</td>
<td></td>
<td>705</td>
<td>jenTest.GutteringPlastic@4d0d9fe7</td></tr>
<tr>
<td title='jenTest.FasciaSubProducts.ThickFlatTudorBoardProducts()'><b>ThickFlatTudorBoardProducts</b><br>Test class: jenTest.FasciaSubProducts</td>
<td></td>
<td>24</td>
<td>jenTest.FasciaSubProducts@302c971f</td></tr>
<tr>
<td title='jenTest.GutteringCastAluminium.VictorianOgeeCastAluminiumProducts()'><b>VictorianOgeeCastAluminiumProducts</b><br>Test class: jenTest.GutteringCastAluminium</td>
<td></td>
<td>224</td>
<td>jenTest.GutteringCastAluminium@312aa7c</td></tr>
<tr>
<td title='jenTest.FasciaSubProducts.WhiteFasciaProducts()'><b>WhiteFasciaProducts</b><br>Test class: jenTest.FasciaSubProducts</td>
<td></td>
<td>311</td>
<td>jenTest.FasciaSubProducts@302c971f</td></tr>
<tr>
<td title='jenTest.GutteringPlastic.XtrafloGutterSystemProductPage()'><b>XtrafloGutterSystemProductPage</b><br>Test class: jenTest.GutteringPlastic</td>
<td></td>
<td>83</td>
<td>jenTest.GutteringPlastic@4d0d9fe7</td></tr>
</table><p>
</body>
</html>